<?xml version="1.0" encoding="UTF-8"?>
<testsuite xmlns:xsi="http://www.w3.org/2001/XMLSchema-instance" xsi:noNamespaceSchemaLocation="https://maven.apache.org/surefire/maven-surefire-plugin/xsd/surefire-test-report.xsd" name="BDealerTest" time="0.153" tests="11" errors="0" skipped="0" failures="0">
  <properties>
[...]
</properties>
  <testcase name="shuffleDeck_EmptyDeck_BaccaratDealer" classname="BDealerTest" time="0.067"/>
  <testcase name="defaultContructor_BaccaratDealer" classname="BDealerTest" time="0.014"/>
  <testcase name="dealHand_multipleCalls_BaccaratDealer" classname="BDealerTest" time="0.007"/>
  <testcase name="generateDeck_TwoCalls_BaccaratDealer" classname="BDealerTest" time="0.003"/>
  <testcase name="dealHand_givesTwoCards_BaccaratDealer" classname="BDealerTest" time="0"/>
  <testcase name="shuffleDeck_OnFullDeck_BaccaratDealer" classname="BDealerTest" time="0.005"/>
  <testcase name="drawOne_onEmptyDeck_BaccaratDealer" classname="BDealerTest" time="0.004"/>
  <testcase name="generateDeck_OneCall_BaccaratDealer" classname="BDealerTest" time="0.001"/>
  <testcase name="deckSize_UninitializedDeck_BaccaratDealer" classname="BDealerTest" time="0.001"/>
  <testcase name="drawOne_oneCall_BaccaratDealer" classname="BDealerTest" time="0.002"/>
  <testcase name="deckSize_FullDeck_BaccaratDealer" classname="BDealerTest" time="0.001"/>
</testsuite>